This file contains any messages produced by compilers while
running configure, to aid debugging if configure makes a mistake.

It was created by configure, which was
generated by GNU Autoconf 2.68.  Invocation command line was

  $ ./configure --enable-wordpress

## --------- ##
## Platform. ##
## --------- ##

hostname = phpextdev
uname -m = x86_64
uname -r = 3.2.0-40-generic
uname -s = Linux
uname -v = #64-Ubuntu SMP Mon Mar 25 21:22:10 UTC 2013

/usr/bin/uname -p = unknown
/bin/uname -X     = unknown

/bin/arch              = unknown
/usr/bin/arch -k       = unknown
/usr/convex/getsysinfo = unknown
/usr/bin/hostinfo      = unknown
/bin/machine           = unknown
/usr/bin/oslevel       = unknown
/bin/universe          = unknown

PATH: /usr/local/sbin
PATH: /usr/local/bin
PATH: /usr/sbin
PATH: /usr/bin
PATH: /sbin
PATH: /bin
PATH: /usr/games


## ----------- ##
## Core tests. ##
## ----------- ##

configure:2190: checking for grep that handles long lines and -e
configure:2248: result: /bin/grep
configure:2253: checking for egrep
configure:2315: result: /bin/grep -E
configure:2320: checking for a sed that does not truncate output
configure:2384: result: /bin/sed
configure:2518: checking for cc
configure:2534: found /usr/bin/cc
configure:2545: result: cc
configure:2576: checking for C compiler version
configure:2585: cc --version >&5
gcc-4.6.real (Ubuntu/Linaro 4.6.3-1ubuntu5) 4.6.3
Copyright (C) 2011 Free Software Foundation, Inc.
This is free software; see the source for copying conditions.  There is NO
warranty; not even for MERCHANTABILITY or FITNESS FOR A PARTICULAR PURPOSE.

configure:2596: $? = 0
configure:2585: cc -v >&5
Using built-in specs.
COLLECT_GCC=/usr/bin/gcc-4.6.real
COLLECT_LTO_WRAPPER=/usr/lib/gcc/x86_64-linux-gnu/4.6/lto-wrapper
Target: x86_64-linux-gnu
Configured with: ../src/configure -v --with-pkgversion='Ubuntu/Linaro 4.6.3-1ubuntu5' --with-bugurl=file:///usr/share/doc/gcc-4.6/README.Bugs --enable-languages=c,c++,fortran,objc,obj-c++ --prefix=/usr --program-suffix=-4.6 --enable-shared --enable-linker-build-id --with-system-zlib --libexecdir=/usr/lib --without-included-gettext --enable-threads=posix --with-gxx-include-dir=/usr/include/c++/4.6 --libdir=/usr/lib --enable-nls --with-sysroot=/ --enable-clocale=gnu --enable-libstdcxx-debug --enable-libstdcxx-time=yes --enable-gnu-unique-object --enable-plugin --enable-objc-gc --disable-werror --with-arch-32=i686 --with-tune=generic --enable-checking=release --build=x86_64-linux-gnu --host=x86_64-linux-gnu --target=x86_64-linux-gnu
Thread model: posix
gcc version 4.6.3 (Ubuntu/Linaro 4.6.3-1ubuntu5) 
configure:2596: $? = 0
configure:2585: cc -V >&5
gcc-4.6.real: error: unrecognized option '-V'
gcc-4.6.real: fatal error: no input files
compilation terminated.
configure:2596: $? = 4
configure:2585: cc -qversion >&5
gcc-4.6.real: error: unrecognized option '-qversion'
gcc-4.6.real: fatal error: no input files
compilation terminated.
configure:2596: $? = 4
configure:2616: checking whether the C compiler works
configure:2638: cc    conftest.c  >&5
configure:2642: $? = 0
configure:2690: result: yes
configure:2693: checking for C compiler default output file name
configure:2695: result: a.out
configure:2701: checking for suffix of executables
configure:2708: cc -o conftest    conftest.c  >&5
configure:2712: $? = 0
configure:2734: result: 
configure:2756: checking whether we are cross compiling
configure:2764: cc -o conftest    conftest.c  >&5
configure:2768: $? = 0
configure:2775: ./conftest
configure:2779: $? = 0
configure:2794: result: no
configure:2799: checking for suffix of object files
configure:2821: cc -c   conftest.c >&5
configure:2825: $? = 0
configure:2846: result: o
configure:2850: checking whether we are using the GNU C compiler
configure:2869: cc -c   conftest.c >&5
configure:2869: $? = 0
configure:2878: result: yes
configure:2887: checking whether cc accepts -g
configure:2907: cc -c -g  conftest.c >&5
configure:2907: $? = 0
configure:2948: result: yes
configure:2965: checking for cc option to accept ISO C89
configure:3029: cc  -c -g -O2  conftest.c >&5
configure:3029: $? = 0
configure:3042: result: none needed
configure:3068: checking how to run the C preprocessor
configure:3099: cc -E  conftest.c
configure:3099: $? = 0
configure:3113: cc -E  conftest.c
conftest.c:9:28: fatal error: ac_nonexistent.h: No such file or directory
compilation terminated.
configure:3113: $? = 1
configure: failed program was:
| /* confdefs.h */
| #define PACKAGE_NAME ""
| #define PACKAGE_TARNAME ""
| #define PACKAGE_VERSION ""
| #define PACKAGE_STRING ""
| #define PACKAGE_BUGREPORT ""
| #define PACKAGE_URL ""
| /* end confdefs.h.  */
| #include <ac_nonexistent.h>
configure:3138: result: cc -E
configure:3158: cc -E  conftest.c
configure:3158: $? = 0
configure:3172: cc -E  conftest.c
conftest.c:9:28: fatal error: ac_nonexistent.h: No such file or directory
compilation terminated.
configure:3172: $? = 1
configure: failed program was:
| /* confdefs.h */
| #define PACKAGE_NAME ""
| #define PACKAGE_TARNAME ""
| #define PACKAGE_VERSION ""
| #define PACKAGE_STRING ""
| #define PACKAGE_BUGREPORT ""
| #define PACKAGE_URL ""
| /* end confdefs.h.  */
| #include <ac_nonexistent.h>
configure:3203: checking for icc
configure:3212: result: no
configure:3226: checking for suncc
configure:3235: result: no
configure:3253: checking whether cc understands -c and -o together
configure:3281: cc -c conftest.c -o conftest2.o >&5
configure:3285: $? = 0
configure:3291: cc -c conftest.c -o conftest2.o >&5
configure:3295: $? = 0
configure:3350: result: yes
configure:3364: checking for system library directory
configure:3379: result: lib
configure:3386: checking if compiler supports -R
configure:3405: cc -o conftest -g -O2   conftest.c -R /usr/lib  >&5
gcc-4.6.real: error: unrecognized option '-R'
configure:3405: $? = 1
configure: failed program was:
| /* confdefs.h */
| #define PACKAGE_NAME ""
| #define PACKAGE_TARNAME ""
| #define PACKAGE_VERSION ""
| #define PACKAGE_STRING ""
| #define PACKAGE_BUGREPORT ""
| #define PACKAGE_URL ""
| /* end confdefs.h.  */
| 
| int
| main ()
| {
| 
|   ;
|   return 0;
| }
configure:3415: result: no
configure:3420: checking if compiler supports -Wl,-rpath,
configure:3439: cc -o conftest -g -O2   conftest.c -Wl,-rpath,/usr/lib  >&5
configure:3439: $? = 0
configure:3449: result: yes
configure:3494: checking build system type
configure:3508: result: x86_64-unknown-linux-gnu
configure:3528: checking host system type
configure:3541: result: x86_64-unknown-linux-gnu
configure:3561: checking target system type
configure:3574: result: x86_64-unknown-linux-gnu
configure:3677: checking for PHP prefix
configure:3679: result: /usr
configure:3681: checking for PHP includes
configure:3683: result: -I/usr/include/php5 -I/usr/include/php5/main -I/usr/include/php5/TSRM -I/usr/include/php5/Zend -I/usr/include/php5/ext -I/usr/include/php5/ext/date/lib
configure:3685: checking for PHP extension directory
configure:3687: result: /usr/lib/php5/20090626
configure:3689: checking for PHP installed headers prefix
configure:3691: result: /usr/include/php5
configure:3694: checking if debug is enabled
configure:3720: result: no
configure:3723: checking if zts is enabled
configure:3749: result: no
configure:3823: checking for re2c
configure:3839: found /usr/bin/re2c
configure:3850: result: re2c
configure:3859: checking for re2c version
configure:3873: result: 0.13.5 (ok)
configure:3892: checking for gawk
configure:3923: result: no
configure:3892: checking for nawk
configure:3909: found /usr/bin/nawk
configure:3920: result: nawk
configure:3943: checking if nawk is broken
configure:3950: result: no
configure:3963: checking where to enable wordpress
configure:4002: result: yes, shared
configure:4069: checking for g++
configure:4085: found /usr/bin/g++
configure:4096: result: g++
configure:4123: checking for C++ compiler version
configure:4132: g++ --version >&5
g++-4.6.real (Ubuntu/Linaro 4.6.3-1ubuntu5) 4.6.3
Copyright (C) 2011 Free Software Foundation, Inc.
This is free software; see the source for copying conditions.  There is NO
warranty; not even for MERCHANTABILITY or FITNESS FOR A PARTICULAR PURPOSE.

configure:4143: $? = 0
configure:4132: g++ -v >&5
Using built-in specs.
COLLECT_GCC=/usr/bin/g++-4.6.real
COLLECT_LTO_WRAPPER=/usr/lib/gcc/x86_64-linux-gnu/4.6/lto-wrapper
Target: x86_64-linux-gnu
Configured with: ../src/configure -v --with-pkgversion='Ubuntu/Linaro 4.6.3-1ubuntu5' --with-bugurl=file:///usr/share/doc/gcc-4.6/README.Bugs --enable-languages=c,c++,fortran,objc,obj-c++ --prefix=/usr --program-suffix=-4.6 --enable-shared --enable-linker-build-id --with-system-zlib --libexecdir=/usr/lib --without-included-gettext --enable-threads=posix --with-gxx-include-dir=/usr/include/c++/4.6 --libdir=/usr/lib --enable-nls --with-sysroot=/ --enable-clocale=gnu --enable-libstdcxx-debug --enable-libstdcxx-time=yes --enable-gnu-unique-object --enable-plugin --enable-objc-gc --disable-werror --with-arch-32=i686 --with-tune=generic --enable-checking=release --build=x86_64-linux-gnu --host=x86_64-linux-gnu --target=x86_64-linux-gnu
Thread model: posix
gcc version 4.6.3 (Ubuntu/Linaro 4.6.3-1ubuntu5) 
configure:4143: $? = 0
configure:4132: g++ -V >&5
g++-4.6.real: error: unrecognized option '-V'
g++-4.6.real: fatal error: no input files
compilation terminated.
configure:4143: $? = 4
configure:4132: g++ -qversion >&5
g++-4.6.real: error: unrecognized option '-qversion'
g++-4.6.real: fatal error: no input files
compilation terminated.
configure:4143: $? = 4
configure:4147: checking whether we are using the GNU C++ compiler
configure:4166: g++ -c   conftest.cpp >&5
configure:4166: $? = 0
configure:4175: result: yes
configure:4184: checking whether g++ accepts -g
configure:4204: g++ -c -g  conftest.cpp >&5
configure:4204: $? = 0
configure:4245: result: yes
configure:4273: checking how to run the C++ preprocessor
configure:4300: g++ -E  conftest.cpp
configure:4300: $? = 0
configure:4314: g++ -E  conftest.cpp
conftest.cpp:9:28: fatal error: ac_nonexistent.h: No such file or directory
compilation terminated.
configure:4314: $? = 1
configure: failed program was:
| /* confdefs.h */
| #define PACKAGE_NAME ""
| #define PACKAGE_TARNAME ""
| #define PACKAGE_VERSION ""
| #define PACKAGE_STRING ""
| #define PACKAGE_BUGREPORT ""
| #define PACKAGE_URL ""
| /* end confdefs.h.  */
| #include <ac_nonexistent.h>
configure:4339: result: g++ -E
configure:4359: g++ -E  conftest.cpp
configure:4359: $? = 0
configure:4373: g++ -E  conftest.cpp
conftest.cpp:9:28: fatal error: ac_nonexistent.h: No such file or directory
compilation terminated.
configure:4373: $? = 1
configure: failed program was:
| /* confdefs.h */
| #define PACKAGE_NAME ""
| #define PACKAGE_TARNAME ""
| #define PACKAGE_VERSION ""
| #define PACKAGE_STRING ""
| #define PACKAGE_BUGREPORT ""
| #define PACKAGE_URL ""
| /* end confdefs.h.  */
| #include <ac_nonexistent.h>
configure:4779: checking how to print strings
configure:4806: result: printf
configure:4827: checking for a sed that does not truncate output
configure:4891: result: /bin/sed
configure:4909: checking for fgrep
configure:4971: result: /bin/grep -F
configure:5006: checking for ld used by cc
configure:5073: result: /usr/bin/ld
configure:5080: checking if the linker (/usr/bin/ld) is GNU ld
configure:5095: result: yes
configure:5107: checking for BSD- or MS-compatible name lister (nm)
configure:5156: result: /usr/bin/nm -B
configure:5286: checking the name lister (/usr/bin/nm -B) interface
configure:5293: cc -c -g -O2  conftest.c >&5
configure:5296: /usr/bin/nm -B "conftest.o"
configure:5299: output
0000000000000000 B some_variable
configure:5306: result: BSD nm
configure:5309: checking whether ln -s works
configure:5313: result: yes
configure:5321: checking the maximum length of command line arguments
configure:5451: result: 1572864
configure:5468: checking whether the shell understands some XSI constructs
configure:5478: result: yes
configure:5482: checking whether the shell understands "+="
configure:5488: result: yes
configure:5523: checking how to convert x86_64-unknown-linux-gnu file names to x86_64-unknown-linux-gnu format
configure:5563: result: func_convert_file_noop
configure:5570: checking how to convert x86_64-unknown-linux-gnu file names to toolchain format
configure:5590: result: func_convert_file_noop
configure:5597: checking for /usr/bin/ld option to reload object files
configure:5604: result: -r
configure:5678: checking for objdump
configure:5694: found /usr/bin/objdump
configure:5705: result: objdump
configure:5737: checking how to recognize dependent libraries
configure:5939: result: pass_all
configure:6024: checking for dlltool
configure:6054: result: no
configure:6084: checking how to associate runtime and link libraries
configure:6111: result: printf %s\n
configure:6171: checking for ar
configure:6187: found /usr/bin/ar
configure:6198: result: ar
configure:6235: checking for archiver @FILE support
configure:6252: cc -c -g -O2  conftest.c >&5
configure:6252: $? = 0
configure:6255: ar cru libconftest.a @conftest.lst >&5
configure:6258: $? = 0
configure:6263: ar cru libconftest.a @conftest.lst >&5
ar: conftest.o: No such file or directory
configure:6266: $? = 1
configure:6278: result: @
configure:6336: checking for strip
configure:6352: found /usr/bin/strip
configure:6363: result: strip
configure:6435: checking for ranlib
configure:6451: found /usr/bin/ranlib
configure:6462: result: ranlib
configure:6539: checking for gawk
configure:6566: result: nawk
configure:6606: checking command to parse /usr/bin/nm -B output from cc object
configure:6726: cc -c -g -O2  conftest.c >&5
configure:6729: $? = 0
configure:6733: /usr/bin/nm -B conftest.o \| sed -n -e 's/^.*[ ]\([ABCDGIRSTW][ABCDGIRSTW]*\)[ ][ ]*\([_A-Za-z][_A-Za-z0-9]*\)$/\1 \2 \2/p' | sed '/ __gnu_lto/d' \> conftest.nm
configure:6736: $? = 0
configure:6802: cc -o conftest -g -O2   conftest.c conftstm.o >&5
configure:6805: $? = 0
configure:6843: result: ok
configure:6880: checking for sysroot
configure:6910: result: no
configure:6987: cc -c -g -O2  conftest.c >&5
configure:6990: $? = 0
configure:7166: checking for mt
configure:7182: found /bin/mt
configure:7193: result: mt
configure:7216: checking if mt is a manifest tool
configure:7222: mt '-?'
configure:7230: result: no
configure:7867: checking for ANSI C header files
configure:7887: cc -c -g -O2  conftest.c >&5
configure:7887: $? = 0
configure:7960: cc -o conftest -g -O2   conftest.c  >&5
configure:7960: $? = 0
configure:7960: ./conftest
configure:7960: $? = 0
configure:7971: result: yes
configure:7984: checking for sys/types.h
configure:7984: cc -c -g -O2  conftest.c >&5
configure:7984: $? = 0
configure:7984: result: yes
configure:7984: checking for sys/stat.h
configure:7984: cc -c -g -O2  conftest.c >&5
configure:7984: $? = 0
configure:7984: result: yes
configure:7984: checking for stdlib.h
configure:7984: cc -c -g -O2  conftest.c >&5
configure:7984: $? = 0
configure:7984: result: yes
configure:7984: checking for string.h
configure:7984: cc -c -g -O2  conftest.c >&5
configure:7984: $? = 0
configure:7984: result: yes
configure:7984: checking for memory.h
configure:7984: cc -c -g -O2  conftest.c >&5
configure:7984: $? = 0
configure:7984: result: yes
configure:7984: checking for strings.h
configure:7984: cc -c -g -O2  conftest.c >&5
configure:7984: $? = 0
configure:7984: result: yes
configure:7984: checking for inttypes.h
configure:7984: cc -c -g -O2  conftest.c >&5
configure:7984: $? = 0
configure:7984: result: yes
configure:7984: checking for stdint.h
configure:7984: cc -c -g -O2  conftest.c >&5
configure:7984: $? = 0
configure:7984: result: yes
configure:7984: checking for unistd.h
configure:7984: cc -c -g -O2  conftest.c >&5
configure:7984: $? = 0
configure:7984: result: yes
configure:7998: checking for dlfcn.h
configure:7998: cc -c -g -O2  conftest.c >&5
configure:7998: $? = 0
configure:7998: result: yes
configure:8215: checking for objdir
configure:8230: result: .libs
configure:8501: checking if cc supports -fno-rtti -fno-exceptions
configure:8519: cc -c -g -O2  -fno-rtti -fno-exceptions conftest.c >&5
cc1: warning: command line option '-fno-rtti' is valid for C++/ObjC++ but not for C [enabled by default]
configure:8523: $? = 0
configure:8536: result: no
configure:8863: checking for cc option to produce PIC
configure:8870: result: -fPIC -DPIC
configure:8878: checking if cc PIC flag -fPIC -DPIC works
configure:8896: cc -c -g -O2  -fPIC -DPIC -DPIC conftest.c >&5
configure:8900: $? = 0
configure:8913: result: yes
configure:8942: checking if cc static flag -static works
configure:8970: result: yes
configure:8985: checking if cc supports -c -o file.o
configure:9006: cc -c -g -O2  -o out/conftest2.o conftest.c >&5
configure:9010: $? = 0
configure:9032: result: yes
configure:9040: checking if cc supports -c -o file.o
configure:9087: result: yes
configure:9120: checking whether the cc linker (/usr/bin/ld -m elf_x86_64) supports shared libraries
configure:10277: result: yes
configure:10314: checking whether -lc should be explicitly linked in
configure:10322: cc -c -g -O2  conftest.c >&5
configure:10325: $? = 0
configure:10340: cc -shared  -fPIC -DPIC conftest.o  -v -Wl,-soname -Wl,conftest -o conftest 2\>\&1 \| /bin/grep  -lc  \>/dev/null 2\>\&1
configure:10343: $? = 0
configure:10357: result: no
configure:10517: checking dynamic linker characteristics
configure:11028: cc -o conftest -g -O2   -Wl,-rpath -Wl,/foo conftest.c  >&5
configure:11028: $? = 0
configure:11262: result: GNU/Linux ld.so
configure:11369: checking how to hardcode library paths into programs
configure:11394: result: immediate
configure:11934: checking whether stripping libraries is possible
configure:11939: result: yes
configure:11974: checking if libtool supports shared libraries
configure:11976: result: yes
configure:11979: checking whether to build shared libraries
configure:12000: result: yes
configure:12003: checking whether to build static libraries
configure:12007: result: no
configure:12030: checking how to run the C++ preprocessor
configure:12096: result: g++ -E
configure:12116: g++ -E  conftest.cpp
configure:12116: $? = 0
configure:12130: g++ -E  conftest.cpp
conftest.cpp:23:28: fatal error: ac_nonexistent.h: No such file or directory
compilation terminated.
configure:12130: $? = 1
configure: failed program was:
| /* confdefs.h */
| #define PACKAGE_NAME ""
| #define PACKAGE_TARNAME ""
| #define PACKAGE_VERSION ""
| #define PACKAGE_STRING ""
| #define PACKAGE_BUGREPORT ""
| #define PACKAGE_URL ""
| #define HAVE_WORDPRESS 1
| #define COMPILE_DL_WORDPRESS 1
| #define STDC_HEADERS 1
| #define HAVE_SYS_TYPES_H 1
| #define HAVE_SYS_STAT_H 1
| #define HAVE_STDLIB_H 1
| #define HAVE_STRING_H 1
| #define HAVE_MEMORY_H 1
| #define HAVE_STRINGS_H 1
| #define HAVE_INTTYPES_H 1
| #define HAVE_STDINT_H 1
| #define HAVE_UNISTD_H 1
| #define HAVE_DLFCN_H 1
| #define LT_OBJDIR ".libs/"
| /* end confdefs.h.  */
| #include <ac_nonexistent.h>
configure:12299: checking for ld used by g++
configure:12366: result: /usr/bin/ld -m elf_x86_64
configure:12373: checking if the linker (/usr/bin/ld -m elf_x86_64) is GNU ld
configure:12388: result: yes
configure:12443: checking whether the g++ linker (/usr/bin/ld -m elf_x86_64) supports shared libraries
configure:13448: result: yes
configure:13484: g++ -c -g -O2  conftest.cpp >&5
configure:13487: $? = 0
configure:14007: checking for g++ option to produce PIC
configure:14014: result: -fPIC -DPIC
configure:14022: checking if g++ PIC flag -fPIC -DPIC works
configure:14040: g++ -c -g -O2  -fPIC -DPIC -DPIC conftest.cpp >&5
configure:14044: $? = 0
configure:14057: result: yes
configure:14080: checking if g++ static flag -static works
configure:14108: result: yes
configure:14120: checking if g++ supports -c -o file.o
configure:14141: g++ -c -g -O2  -o out/conftest2.o conftest.cpp >&5
configure:14145: $? = 0
configure:14167: result: yes
configure:14172: checking if g++ supports -c -o file.o
configure:14219: result: yes
configure:14249: checking whether the g++ linker (/usr/bin/ld -m elf_x86_64) supports shared libraries
configure:14288: result: yes
configure:14429: checking dynamic linker characteristics
configure:15108: result: GNU/Linux ld.so
configure:15161: checking how to hardcode library paths into programs
configure:15186: result: immediate
configure:15486: creating ./config.status

## ---------------------- ##
## Running config.status. ##
## ---------------------- ##

This file was extended by config.status, which was
generated by GNU Autoconf 2.68.  Invocation command line was

  CONFIG_FILES    = 
  CONFIG_HEADERS  = 
  CONFIG_LINKS    = 
  CONFIG_COMMANDS = 
  $ ./config.status 

on phpextdev

config.status:955: creating config.h
config.status:1045: config.h is unchanged
config.status:1059: executing libtool commands

## ---------------- ##
## Cache variables. ##
## ---------------- ##

ac_cv_build=x86_64-unknown-linux-gnu
ac_cv_c_compiler_gnu=yes
ac_cv_cxx_compiler_gnu=yes
ac_cv_env_CCC_set=
ac_cv_env_CCC_value=
ac_cv_env_CC_set=
ac_cv_env_CC_value=
ac_cv_env_CFLAGS_set=
ac_cv_env_CFLAGS_value=
ac_cv_env_CPPFLAGS_set=
ac_cv_env_CPPFLAGS_value=
ac_cv_env_CPP_set=
ac_cv_env_CPP_value=
ac_cv_env_CXXCPP_set=
ac_cv_env_CXXCPP_value=
ac_cv_env_CXXFLAGS_set=
ac_cv_env_CXXFLAGS_value=
ac_cv_env_CXX_set=
ac_cv_env_CXX_value=
ac_cv_env_LDFLAGS_set=
ac_cv_env_LDFLAGS_value=
ac_cv_env_LIBS_set=
ac_cv_env_LIBS_value=
ac_cv_env_build_alias_set=
ac_cv_env_build_alias_value=
ac_cv_env_host_alias_set=
ac_cv_env_host_alias_value=
ac_cv_env_target_alias_set=
ac_cv_env_target_alias_value=
ac_cv_header_dlfcn_h=yes
ac_cv_header_inttypes_h=yes
ac_cv_header_memory_h=yes
ac_cv_header_stdc=yes
ac_cv_header_stdint_h=yes
ac_cv_header_stdlib_h=yes
ac_cv_header_string_h=yes
ac_cv_header_strings_h=yes
ac_cv_header_sys_stat_h=yes
ac_cv_header_sys_types_h=yes
ac_cv_header_unistd_h=yes
ac_cv_host=x86_64-unknown-linux-gnu
ac_cv_objext=o
ac_cv_path_EGREP='/bin/grep -E'
ac_cv_path_FGREP='/bin/grep -F'
ac_cv_path_GREP=/bin/grep
ac_cv_path_SED=/bin/sed
ac_cv_prog_AWK=nawk
ac_cv_prog_CPP='cc -E'
ac_cv_prog_CXXCPP='g++ -E'
ac_cv_prog_RE2C=re2c
ac_cv_prog_ac_ct_AR=ar
ac_cv_prog_ac_ct_CC=cc
ac_cv_prog_ac_ct_CXX=g++
ac_cv_prog_ac_ct_MANIFEST_TOOL=mt
ac_cv_prog_ac_ct_OBJDUMP=objdump
ac_cv_prog_ac_ct_RANLIB=ranlib
ac_cv_prog_ac_ct_STRIP=strip
ac_cv_prog_cc_c89=
ac_cv_prog_cc_cc_c_o=yes
ac_cv_prog_cc_g=yes
ac_cv_prog_cxx_g=yes
ac_cv_target=x86_64-unknown-linux-gnu
lt_cv_ar_at_file=@
lt_cv_archive_cmds_need_lc=no
lt_cv_deplibs_check_method=pass_all
lt_cv_file_magic_cmd='$MAGIC_CMD'
lt_cv_file_magic_test_file=
lt_cv_ld_reload_flag=-r
lt_cv_nm_interface='BSD nm'
lt_cv_objdir=.libs
lt_cv_path_LD=/usr/bin/ld
lt_cv_path_LDCXX='/usr/bin/ld -m elf_x86_64'
lt_cv_path_NM='/usr/bin/nm -B'
lt_cv_path_mainfest_tool=no
lt_cv_prog_compiler_c_o=yes
lt_cv_prog_compiler_c_o_CXX=yes
lt_cv_prog_compiler_pic='-fPIC -DPIC'
lt_cv_prog_compiler_pic_CXX='-fPIC -DPIC'
lt_cv_prog_compiler_pic_works=yes
lt_cv_prog_compiler_pic_works_CXX=yes
lt_cv_prog_compiler_rtti_exceptions=no
lt_cv_prog_compiler_static_works=yes
lt_cv_prog_compiler_static_works_CXX=yes
lt_cv_prog_gnu_ld=yes
lt_cv_prog_gnu_ldcxx=yes
lt_cv_sharedlib_from_linklib_cmd='printf %s\n'
lt_cv_shlibpath_overrides_runpath=no
lt_cv_sys_global_symbol_pipe='sed -n -e '\''s/^.*[	 ]\([ABCDGIRSTW][ABCDGIRSTW]*\)[	 ][	 ]*\([_A-Za-z][_A-Za-z0-9]*\)$/\1 \2 \2/p'\'' | sed '\''/ __gnu_lto/d'\'''
lt_cv_sys_global_symbol_to_c_name_address='sed -n -e '\''s/^: \([^ ]*\)[ ]*$/  {\"\1\", (void *) 0},/p'\'' -e '\''s/^[ABCDGIRSTW]* \([^ ]*\) \([^ ]*\)$/  {"\2", (void *) \&\2},/p'\'''
lt_cv_sys_global_symbol_to_c_name_address_lib_prefix='sed -n -e '\''s/^: \([^ ]*\)[ ]*$/  {\"\1\", (void *) 0},/p'\'' -e '\''s/^[ABCDGIRSTW]* \([^ ]*\) \(lib[^ ]*\)$/  {"\2", (void *) \&\2},/p'\'' -e '\''s/^[ABCDGIRSTW]* \([^ ]*\) \([^ ]*\)$/  {"lib\2", (void *) \&\2},/p'\'''
lt_cv_sys_global_symbol_to_cdecl='sed -n -e '\''s/^T .* \(.*\)$/extern int \1();/p'\'' -e '\''s/^[ABCDGIRSTW]* .* \(.*\)$/extern char \1;/p'\'''
lt_cv_sys_max_cmd_len=1572864
lt_cv_to_host_file_cmd=func_convert_file_noop
lt_cv_to_tool_file_cmd=func_convert_file_noop
php_cv_cc_dashr=no
php_cv_cc_rpath=yes
php_cv_re2c_version='0.13.5 (ok)'

## ----------------- ##
## Output variables. ##
## ----------------- ##

AR='ar'
AWK='nawk'
CC='cc'
CFLAGS='-g -O2'
CONFIGURE_COMMAND=' '\''./configure'\''  '\''--enable-wordpress'\'''
CONFIGURE_OPTIONS=' '\''--enable-wordpress'\'''
CPP='cc -E'
CPPFLAGS=' -DHAVE_CONFIG_H'
CXX='g++'
CXXCPP='g++ -E'
CXXFLAGS='-g -O2'
DEFS='-DHAVE_CONFIG_H'
DLLTOOL='false'
DSYMUTIL=''
DUMPBIN=''
ECHO_C=''
ECHO_N='-n'
ECHO_T=''
EGREP='/bin/grep -E'
EXEEXT=''
FGREP='/bin/grep -F'
GREP='/bin/grep'
LD='/usr/bin/ld -m elf_x86_64'
LDFLAGS=''
LIBOBJS=''
LIBS=''
LIBTOOL='$(SHELL) $(top_builddir)/libtool'
LIPO=''
LN_S='ln -s'
LTLIBOBJS=''
MANIFEST_TOOL=':'
NM='/usr/bin/nm -B'
NMEDIT=''
OBJDUMP='objdump'
OBJEXT='o'
OTOOL64=''
OTOOL=''
PACKAGE_BUGREPORT=''
PACKAGE_NAME=''
PACKAGE_STRING=''
PACKAGE_TARNAME=''
PACKAGE_URL=''
PACKAGE_VERSION=''
PATH_SEPARATOR=':'
RANLIB='ranlib'
RE2C='re2c'
SED='/bin/sed'
SHELL='/bin/bash'
SHLIB_DL_SUFFIX_NAME='so'
SHLIB_SUFFIX_NAME='so'
STRIP='strip'
ac_ct_AR='ar'
ac_ct_CC='cc'
ac_ct_CXX='g++'
ac_ct_DUMPBIN=''
bindir='${exec_prefix}/bin'
build='x86_64-unknown-linux-gnu'
build_alias=''
build_cpu='x86_64'
build_os='linux-gnu'
build_vendor='unknown'
datadir='${datarootdir}'
datarootdir='${prefix}/share'
docdir='${datarootdir}/doc/${PACKAGE}'
dvidir='${docdir}'
exec_prefix='$(prefix)'
host='x86_64-unknown-linux-gnu'
host_alias='x86_64-unknown-linux-gnu'
host_cpu='x86_64'
host_os='linux-gnu'
host_vendor='unknown'
htmldir='${docdir}'
includedir='${prefix}/include'
infodir='${datarootdir}/info'
libdir='${exec_prefix}/lib'
libexecdir='${exec_prefix}/libexec'
localedir='${datarootdir}/locale'
localstatedir='${prefix}/var'
mandir='${datarootdir}/man'
oldincludedir='/usr/include'
pdfdir='${docdir}'
prefix='/usr'
program_transform_name='s,x,x,'
psdir='${docdir}'
sbindir='${exec_prefix}/sbin'
sharedstatedir='${prefix}/com'
sysconfdir='${prefix}/etc'
target='x86_64-unknown-linux-gnu'
target_alias=''
target_cpu='x86_64'
target_os='linux-gnu'
target_vendor='unknown'

## ----------- ##
## confdefs.h. ##
## ----------- ##

/* confdefs.h */
#define PACKAGE_NAME ""
#define PACKAGE_TARNAME ""
#define PACKAGE_VERSION ""
#define PACKAGE_STRING ""
#define PACKAGE_BUGREPORT ""
#define PACKAGE_URL ""
#define HAVE_WORDPRESS 1
#define COMPILE_DL_WORDPRESS 1
#define STDC_HEADERS 1
#define HAVE_SYS_TYPES_H 1
#define HAVE_SYS_STAT_H 1
#define HAVE_STDLIB_H 1
#define HAVE_STRING_H 1
#define HAVE_MEMORY_H 1
#define HAVE_STRINGS_H 1
#define HAVE_INTTYPES_H 1
#define HAVE_STDINT_H 1
#define HAVE_UNISTD_H 1
#define HAVE_DLFCN_H 1
#define LT_OBJDIR ".libs/"

configure: exit 0
